[2022-01-18 14:07:40.833] [exthost] [info] Extension host with pid 10027 started
[2022-01-18 14:07:40.864] [exthost] [info] Lock '/home/akimkinwa/.vscode-server/data/User/workspaceStorage/889cce2fc7cf665e2e09c53a5349b3b5/vscode.lock': Lock acquired.
[2022-01-18 14:07:41.084] [exthost] [info] ExtensionService#_doActivateExtension vscode.debug-auto-launch, startup: true, activationEvent: '*'
[2022-01-18 14:07:41.096] [exthost] [info] ExtensionService#_doActivateExtension vscode.git-base, startup: true, activationEvent: '*', root cause: vscode.github
[2022-01-18 14:07:41.327] [exthost] [info] ExtensionService#_doActivateExtension vscode.git, startup: true, activationEvent: '*'
[2022-01-18 14:07:41.418] [exthost] [info] ExtensionService#_doActivateExtension vscode.github, startup: true, activationEvent: '*'
[2022-01-18 14:07:41.963] [exthost] [info] ExtensionService#_doActivateExtension vscode.emmet, startup: false, activationEvent: 'onStartupFinished'
[2022-01-18 14:07:42.005] [exthost] [info] ExtensionService#_doActivateExtension vscode.merge-conflict, startup: false, activationEvent: 'onStartupFinished'
[2022-01-18 14:07:42.011] [exthost] [info] Eager extensions activated
[2022-01-18 14:07:54.809] [exthost] [info] ExtensionService#_doActivateExtension ms-azuretools.vscode-docker, startup: false, activationEvent: 'onLanguage:dockercompose'
[2022-01-18 14:34:28.145] [exthost] [error] {"message":"Git error","stdout":"","stderr":"fatal: Pathspec '/home/akimkinwa/infrastructure/docker-compose.yml' is in submodule 'infrastructure'\n","exitCode":128,"gitErrorCode":"IsInSubmodule"}
[2022-01-18 14:34:28.145] [exthost] [error] {"message":"Git error","stdout":"","stderr":"fatal: Pathspec '/home/akimkinwa/infrastructure/docker-compose.yml' is in submodule 'infrastructure'\n","exitCode":128,"gitErrorCode":"IsInSubmodule"}
[2022-01-18 14:34:28.145] [exthost] [error] {"message":"Git error","stdout":"","stderr":"fatal: Pathspec '/home/akimkinwa/infrastructure/docker-compose.yml' is in submodule 'infrastructure'\n","exitCode":128,"gitErrorCode":"IsInSubmodule"}
[2022-01-18 14:34:28.145] [exthost] [error] {"message":"Git error","stdout":"","stderr":"fatal: Pathspec '/home/akimkinwa/infrastructure/docker-compose.yml' is in submodule 'infrastructure'\n","exitCode":128,"gitErrorCode":"IsInSubmodule"}
[2022-01-18 14:43:31.442] [exthost] [error] {"message":"Git error","stdout":"","stderr":"fatal: Pathspec '/home/akimkinwa/infrastructure/conf' is in submodule 'infrastructure'\n","exitCode":128,"gitErrorCode":"IsInSubmodule"}
[2022-01-18 14:43:31.442] [exthost] [error] {"message":"Git error","stdout":"","stderr":"fatal: Pathspec '/home/akimkinwa/infrastructure/conf' is in submodule 'infrastructure'\n","exitCode":128,"gitErrorCode":"IsInSubmodule"}
[2022-01-18 14:43:31.442] [exthost] [error] {"message":"Git error","stdout":"","stderr":"fatal: Pathspec '/home/akimkinwa/infrastructure/conf' is in submodule 'infrastructure'\n","exitCode":128,"gitErrorCode":"IsInSubmodule"}
[2022-01-18 14:43:31.442] [exthost] [error] {"message":"Git error","stdout":"","stderr":"fatal: Pathspec '/home/akimkinwa/infrastructure/conf' is in submodule 'infrastructure'\n","exitCode":128,"gitErrorCode":"IsInSubmodule"}
[2022-01-18 14:43:31.442] [exthost] [error] {"message":"Git error","stdout":"","stderr":"fatal: Pathspec '/home/akimkinwa/infrastructure/conf' is in submodule 'infrastructure'\n","exitCode":128,"gitErrorCode":"IsInSubmodule"}
[2022-01-18 14:43:31.442] [exthost] [error] {"message":"Git error","stdout":"","stderr":"fatal: Pathspec '/home/akimkinwa/infrastructure/conf' is in submodule 'infrastructure'\n","exitCode":128,"gitErrorCode":"IsInSubmodule"}
[2022-01-18 14:53:06.873] [exthost] [warning] [Decorations] CAPPING events from decorations provider vscode.git 2932
[2022-01-18 14:53:09.903] [exthost] [warning] [Decorations] CAPPING events from decorations provider vscode.git 2932
[2022-01-18 14:54:31.422] [exthost] [warning] [Decorations] CAPPING events from decorations provider vscode.git 2932
[2022-01-18 14:54:33.410] [exthost] [warning] [Decorations] CAPPING events from decorations provider vscode.git 2932
[2022-01-18 14:54:44.992] [exthost] [warning] [Decorations] CAPPING events from decorations provider vscode.git 1313
