[2022-01-18 15:19:05.450] [exthost] [info] Extension host with pid 1789 started
[2022-01-18 15:19:05.454] [exthost] [error] Error: EEXIST: file already exists, open '/home/akimkinwa/.vscode-server/data/User/workspaceStorage/889cce2fc7cf665e2e09c53a5349b3b5/vscode.lock'
[2022-01-18 15:19:05.456] [exthost] [info] Lock '/home/akimkinwa/.vscode-server/data/User/workspaceStorage/889cce2fc7cf665e2e09c53a5349b3b5/vscode.lock': Could not acquire lock, checking if the file is stale.
[2022-01-18 15:19:05.460] [exthost] [info] Lock '/home/akimkinwa/.vscode-server/data/User/workspaceStorage/889cce2fc7cf665e2e09c53a5349b3b5/vscode.lock': The pid 10027 appears to be gone.
[2022-01-18 15:19:05.460] [exthost] [info] Lock '/home/akimkinwa/.vscode-server/data/User/workspaceStorage/889cce2fc7cf665e2e09c53a5349b3b5/vscode.lock': Deleting a stale lock.
[2022-01-18 15:19:05.478] [exthost] [info] Lock '/home/akimkinwa/.vscode-server/data/User/workspaceStorage/889cce2fc7cf665e2e09c53a5349b3b5/vscode.lock': Lock acquired.
[2022-01-18 15:19:05.782] [exthost] [info] ExtensionService#_doActivateExtension vscode.debug-auto-launch, startup: true, activationEvent: '*'
[2022-01-18 15:19:05.822] [exthost] [info] ExtensionService#_doActivateExtension vscode.git-base, startup: true, activationEvent: '*', root cause: vscode.github
[2022-01-18 15:19:06.466] [exthost] [info] ExtensionService#_doActivateExtension vscode.git, startup: true, activationEvent: '*'
[2022-01-18 15:19:06.610] [exthost] [info] ExtensionService#_doActivateExtension vscode.github, startup: true, activationEvent: '*'
[2022-01-18 15:19:06.751] [exthost] [info] ExtensionService#_doActivateExtension vscode.emmet, startup: false, activationEvent: 'onStartupFinished'
[2022-01-18 15:19:06.786] [exthost] [info] ExtensionService#_doActivateExtension vscode.merge-conflict, startup: false, activationEvent: 'onStartupFinished'
[2022-01-18 15:19:06.797] [exthost] [info] Eager extensions activated
[2022-01-18 15:21:42.553] [exthost] [info] ExtensionService#_doActivateExtension ms-azuretools.vscode-docker, startup: false, activationEvent: 'onLanguage:dockerfile'
[2022-01-18 15:33:21.154] [exthost] [info] ExtensionService#_doActivateExtension vscode.php-language-features, startup: false, activationEvent: 'onLanguage:php'
[2022-01-18 15:43:02.760] [exthost] [warning] [Decorations] CAPPING events from decorations provider vscode.git 2933
[2022-01-18 15:43:07.288] [exthost] [warning] [Decorations] CAPPING events from decorations provider vscode.git 2933
[2022-01-18 15:43:12.947] [exthost] [warning] [Decorations] CAPPING events from decorations provider vscode.git 2933
[2022-01-18 15:43:22.224] [exthost] [warning] [Decorations] CAPPING events from decorations provider vscode.git 2933
[2022-01-18 15:51:26.793] [exthost] [warning] [Decorations] CAPPING events from decorations provider vscode.git 2933
[2022-01-18 15:52:17.926] [exthost] [warning] [Decorations] CAPPING events from decorations provider vscode.git 2933
[2022-01-18 15:52:23.077] [exthost] [warning] [Decorations] CAPPING events from decorations provider vscode.git 2933
[2022-01-18 15:55:41.173] [exthost] [warning] [Decorations] CAPPING events from decorations provider vscode.git 2930
